<?xml version="1.0" encoding="UTF-8"?>
<!-- Generated by org.testng.reporters.JUnitXMLReporter -->
<testsuite hostname="DESKTOP-U52CDKB" ignored="0" name="Default test" tests="3" failures="0" timestamp="04 Sep 2020 05:40:33 GMT" time="167.422" errors="0">
  <testcase name="performOrientation" time="11.893" classname="mobile.Amazon"/>
  <testcase name="testApp1" time="79.04" classname="mobile.Amazon"/>
  <testcase name="login" time="32.111" classname="mobile.Amazon"/>
</testsuite> <!-- Default test -->
