<?xml version="1.0" encoding="UTF-8"?>
<testng-results skipped="0" failed="0" ignored="0" total="3" passed="3">
  <reporter-output>
  </reporter-output>
  <suite name="Default suite" duration-ms="167422" started-at="2020-09-04T05:37:45Z" finished-at="2020-09-04T05:40:33Z">
    <groups>
    </groups>
    <test name="Default test" duration-ms="167422" started-at="2020-09-04T05:37:45Z" finished-at="2020-09-04T05:40:33Z">
      <class name="mobile.Amazon">
        <test-method status="PASS" signature="testApp()[pri:0, instance:mobile.Amazon@5700d6b1]" name="testApp" is-config="true" duration-ms="44334" started-at="2020-09-04T11:07:45Z" finished-at="2020-09-04T11:08:30Z">
          <reporter-output>
          </reporter-output>
        </test-method> <!-- testApp -->
        <test-method status="PASS" signature="performOrientation()[pri:1, instance:mobile.Amazon@5700d6b1]" name="performOrientation" duration-ms="11893" started-at="2020-09-04T11:08:30Z" finished-at="2020-09-04T11:08:42Z">
          <reporter-output>
          </reporter-output>
        </test-method> <!-- performOrientation -->
        <test-method status="PASS" signature="tearDown()[pri:0, instance:mobile.Amazon@5700d6b1]" name="tearDown" is-config="true" duration-ms="1" started-at="2020-09-04T11:08:42Z" finished-at="2020-09-04T11:08:42Z">
          <reporter-output>
          </reporter-output>
        </test-method> <!-- tearDown -->
        <test-method status="PASS" signature="testApp1()[pri:2, instance:mobile.Amazon@5700d6b1]" name="testApp1" duration-ms="79040" started-at="2020-09-04T11:08:42Z" finished-at="2020-09-04T11:10:01Z">
          <reporter-output>
          </reporter-output>
        </test-method> <!-- testApp1 -->
        <test-method status="PASS" signature="tearDown()[pri:0, instance:mobile.Amazon@5700d6b1]" name="tearDown" is-config="true" duration-ms="0" started-at="2020-09-04T11:10:01Z" finished-at="2020-09-04T11:10:01Z">
          <reporter-output>
          </reporter-output>
        </test-method> <!-- tearDown -->
        <test-method status="PASS" signature="login()[pri:3, instance:mobile.Amazon@5700d6b1]" name="login" duration-ms="32111" started-at="2020-09-04T11:10:01Z" finished-at="2020-09-04T11:10:33Z">
          <reporter-output>
          </reporter-output>
        </test-method> <!-- login -->
        <test-method status="PASS" signature="tearDown()[pri:0, instance:mobile.Amazon@5700d6b1]" name="tearDown" is-config="true" duration-ms="1" started-at="2020-09-04T11:10:33Z" finished-at="2020-09-04T11:10:33Z">
          <reporter-output>
          </reporter-output>
        </test-method> <!-- tearDown -->
      </class> <!-- mobile.Amazon -->
    </test> <!-- Default test -->
  </suite> <!-- Default suite -->
</testng-results>
